Traceback (most recent call last):
  File "C:\Users\pmd19\Anaconda3\envs\wintest\lib\site-packages\jupyter_cache\executors\utils.py", line 56, in single_nb_execution
    record_timing=False,
  File "C:\Users\pmd19\Anaconda3\envs\wintest\lib\site-packages\nbclient\client.py", line 1117, in execute
    return NotebookClient(nb=nb, resources=resources, km=km, **kwargs).execute()
  File "C:\Users\pmd19\Anaconda3\envs\wintest\lib\site-packages\nbclient\util.py", line 78, in wrapped
    return just_run(coro(*args, **kwargs))
  File "C:\Users\pmd19\Anaconda3\envs\wintest\lib\site-packages\nbclient\util.py", line 57, in just_run
    return loop.run_until_complete(coro)
  File "C:\Users\pmd19\Anaconda3\envs\wintest\lib\asyncio\base_events.py", line 583, in run_until_complete
    return future.result()
  File "C:\Users\pmd19\Anaconda3\envs\wintest\lib\site-packages\nbclient\client.py", line 559, in async_execute
    cell, index, execution_count=self.code_cells_executed + 1
  File "C:\Users\pmd19\Anaconda3\envs\wintest\lib\site-packages\nbclient\client.py", line 862, in async_execute_cell
    self._check_raise_for_error(cell, exec_reply)
  File "C:\Users\pmd19\Anaconda3\envs\wintest\lib\site-packages\nbclient\client.py", line 765, in _check_raise_for_error
    raise CellExecutionError.from_cell_and_msg(cell, exec_reply_content)
nbclient.exceptions.CellExecutionError: An error occurred while executing the following cell:
------------------
%load_ext rpy2.ipython
------------------

[1;31m---------------------------------------------------------------------------[0m
[1;31mValueError[0m                                Traceback (most recent call last)
[1;32m~\AppData\Local\Temp/ipykernel_12564/1837600852.py[0m in [0;36m<module>[1;34m[0m
[1;32m----> 1[1;33m [0mget_ipython[0m[1;33m([0m[1;33m)[0m[1;33m.[0m[0mrun_line_magic[0m[1;33m([0m[1;34m'load_ext'[0m[1;33m,[0m [1;34m'rpy2.ipython'[0m[1;33m)[0m[1;33m[0m[1;33m[0m[0m
[0m
[1;32m~\Anaconda3\envs\wintest\lib\site-packages\IPython\core\interactiveshell.py[0m in [0;36mrun_line_magic[1;34m(self, magic_name, line, _stack_depth)[0m
[0;32m   2346[0m                 [0mkwargs[0m[1;33m[[0m[1;34m'local_ns'[0m[1;33m][0m [1;33m=[0m [0mself[0m[1;33m.[0m[0mget_local_scope[0m[1;33m([0m[0mstack_depth[0m[1;33m)[0m[1;33m[0m[1;33m[0m[0m
[0;32m   2347[0m             [1;32mwith[0m [0mself[0m[1;33m.[0m[0mbuiltin_trap[0m[1;33m:[0m[1;33m[0m[1;33m[0m[0m
[1;32m-> 2348[1;33m                 [0mresult[0m [1;33m=[0m [0mfn[0m[1;33m([0m[1;33m*[0m[0margs[0m[1;33m,[0m [1;33m**[0m[0mkwargs[0m[1;33m)[0m[1;33m[0m[1;33m[0m[0m
[0m[0;32m   2349[0m             [1;32mreturn[0m [0mresult[0m[1;33m[0m[1;33m[0m[0m
[0;32m   2350[0m [1;33m[0m[0m

[1;32m~\Anaconda3\envs\wintest\lib\site-packages\decorator.py[0m in [0;36mfun[1;34m(*args, **kw)[0m
[0;32m    230[0m             [1;32mif[0m [1;32mnot[0m [0mkwsyntax[0m[1;33m:[0m[1;33m[0m[1;33m[0m[0m
[0;32m    231[0m                 [0margs[0m[1;33m,[0m [0mkw[0m [1;33m=[0m [0mfix[0m[1;33m([0m[0margs[0m[1;33m,[0m [0mkw[0m[1;33m,[0m [0msig[0m[1;33m)[0m[1;33m[0m[1;33m[0m[0m
[1;32m--> 232[1;33m             [1;32mreturn[0m [0mcaller[0m[1;33m([0m[0mfunc[0m[1;33m,[0m [1;33m*[0m[1;33m([0m[0mextras[0m [1;33m+[0m [0margs[0m[1;33m)[0m[1;33m,[0m [1;33m**[0m[0mkw[0m[1;33m)[0m[1;33m[0m[1;33m[0m[0m
[0m[0;32m    233[0m     [0mfun[0m[1;33m.[0m[0m__name__[0m [1;33m=[0m [0mfunc[0m[1;33m.[0m[0m__name__[0m[1;33m[0m[1;33m[0m[0m
[0;32m    234[0m     [0mfun[0m[1;33m.[0m[0m__doc__[0m [1;33m=[0m [0mfunc[0m[1;33m.[0m[0m__doc__[0m[1;33m[0m[1;33m[0m[0m

[1;32m~\Anaconda3\envs\wintest\lib\site-packages\IPython\core\magic.py[0m in [0;36m<lambda>[1;34m(f, *a, **k)[0m
[0;32m    185[0m     [1;31m# but it's overkill for just that one bit of state.[0m[1;33m[0m[1;33m[0m[1;33m[0m[0m
[0;32m    186[0m     [1;32mdef[0m [0mmagic_deco[0m[1;33m([0m[0marg[0m[1;33m)[0m[1;33m:[0m[1;33m[0m[1;33m[0m[0m
[1;32m--> 187[1;33m         [0mcall[0m [1;33m=[0m [1;32mlambda[0m [0mf[0m[1;33m,[0m [1;33m*[0m[0ma[0m[1;33m,[0m [1;33m**[0m[0mk[0m[1;33m:[0m [0mf[0m[1;33m([0m[1;33m*[0m[0ma[0m[1;33m,[0m [1;33m**[0m[0mk[0m[1;33m)[0m[1;33m[0m[1;33m[0m[0m
[0m[0;32m    188[0m [1;33m[0m[0m
[0;32m    189[0m         [1;32mif[0m [0mcallable[0m[1;33m([0m[0marg[0m[1;33m)[0m[1;33m:[0m[1;33m[0m[1;33m[0m[0m

[1;32m~\Anaconda3\envs\wintest\lib\site-packages\IPython\core\magics\extension.py[0m in [0;36mload_ext[1;34m(self, module_str)[0m
[0;32m     31[0m         [1;32mif[0m [1;32mnot[0m [0mmodule_str[0m[1;33m:[0m[1;33m[0m[1;33m[0m[0m
[0;32m     32[0m             [1;32mraise[0m [0mUsageError[0m[1;33m([0m[1;34m'Missing module name.'[0m[1;33m)[0m[1;33m[0m[1;33m[0m[0m
[1;32m---> 33[1;33m         [0mres[0m [1;33m=[0m [0mself[0m[1;33m.[0m[0mshell[0m[1;33m.[0m[0mextension_manager[0m[1;33m.[0m[0mload_extension[0m[1;33m([0m[0mmodule_str[0m[1;33m)[0m[1;33m[0m[1;33m[0m[0m
[0m[0;32m     34[0m [1;33m[0m[0m
[0;32m     35[0m         [1;32mif[0m [0mres[0m [1;33m==[0m [1;34m'already loaded'[0m[1;33m:[0m[1;33m[0m[1;33m[0m[0m

[1;32m~\Anaconda3\envs\wintest\lib\site-packages\IPython\core\extensions.py[0m in [0;36mload_extension[1;34m(self, module_str)[0m
[0;32m     78[0m             [1;32mif[0m [0mmodule_str[0m [1;32mnot[0m [1;32min[0m [0msys[0m[1;33m.[0m[0mmodules[0m[1;33m:[0m[1;33m[0m[1;33m[0m[0m
[0;32m     79[0m                 [1;32mwith[0m [0mprepended_to_syspath[0m[1;33m([0m[0mself[0m[1;33m.[0m[0mipython_extension_dir[0m[1;33m)[0m[1;33m:[0m[1;33m[0m[1;33m[0m[0m
[1;32m---> 80[1;33m                     [0mmod[0m [1;33m=[0m [0mimport_module[0m[1;33m([0m[0mmodule_str[0m[1;33m)[0m[1;33m[0m[1;33m[0m[0m
[0m[0;32m     81[0m                     [1;32mif[0m [0mmod[0m[1;33m.[0m[0m__file__[0m[1;33m.[0m[0mstartswith[0m[1;33m([0m[0mself[0m[1;33m.[0m[0mipython_extension_dir[0m[1;33m)[0m[1;33m:[0m[1;33m[0m[1;33m[0m[0m
[0;32m     82[0m                         print(("Loading extensions from {dir} is deprecated. "

[1;32m~\Anaconda3\envs\wintest\lib\importlib\__init__.py[0m in [0;36mimport_module[1;34m(name, package)[0m
[0;32m    125[0m                 [1;32mbreak[0m[1;33m[0m[1;33m[0m[0m
[0;32m    126[0m             [0mlevel[0m [1;33m+=[0m [1;36m1[0m[1;33m[0m[1;33m[0m[0m
[1;32m--> 127[1;33m     [1;32mreturn[0m [0m_bootstrap[0m[1;33m.[0m[0m_gcd_import[0m[1;33m([0m[0mname[0m[1;33m[[0m[0mlevel[0m[1;33m:[0m[1;33m][0m[1;33m,[0m [0mpackage[0m[1;33m,[0m [0mlevel[0m[1;33m)[0m[1;33m[0m[1;33m[0m[0m
[0m[0;32m    128[0m [1;33m[0m[0m
[0;32m    129[0m [1;33m[0m[0m

[1;32m~\Anaconda3\envs\wintest\lib\importlib\_bootstrap.py[0m in [0;36m_gcd_import[1;34m(name, package, level)[0m

[1;32m~\Anaconda3\envs\wintest\lib\importlib\_bootstrap.py[0m in [0;36m_find_and_load[1;34m(name, import_)[0m

[1;32m~\Anaconda3\envs\wintest\lib\importlib\_bootstrap.py[0m in [0;36m_find_and_load_unlocked[1;34m(name, import_)[0m

[1;32m~\Anaconda3\envs\wintest\lib\importlib\_bootstrap.py[0m in [0;36m_load_unlocked[1;34m(spec)[0m

[1;32m~\Anaconda3\envs\wintest\lib\importlib\_bootstrap_external.py[0m in [0;36mexec_module[1;34m(self, module)[0m

[1;32m~\Anaconda3\envs\wintest\lib\importlib\_bootstrap.py[0m in [0;36m_call_with_frames_removed[1;34m(f, *args, **kwds)[0m

[1;32m~\Anaconda3\envs\wintest\lib\site-packages\rpy2\ipython\__init__.py[0m in [0;36m<module>[1;34m[0m
[1;32m----> 1[1;33m [1;32mfrom[0m [1;33m.[0m [1;32mimport[0m [0mrmagic[0m[1;33m[0m[1;33m[0m[0m
[0m[0;32m      2[0m [1;33m[0m[0m
[0;32m      3[0m [0mload_ipython_extension[0m [1;33m=[0m [0mrmagic[0m[1;33m.[0m[0mload_ipython_extension[0m[1;33m[0m[1;33m[0m[0m

[1;32m~\Anaconda3\envs\wintest\lib\site-packages\rpy2\ipython\rmagic.py[0m in [0;36m<module>[1;34m[0m
[0;32m     53[0m [1;31m# numpy and rpy2 imports[0m[1;33m[0m[1;33m[0m[1;33m[0m[0m
[0;32m     54[0m [1;33m[0m[0m
[1;32m---> 55[1;33m [1;32mimport[0m [0mrpy2[0m[1;33m.[0m[0mrinterface[0m [1;32mas[0m [0mri[0m[1;33m[0m[1;33m[0m[0m
[0m[0;32m     56[0m [1;32mimport[0m [0mrpy2[0m[1;33m.[0m[0mrinterface_lib[0m[1;33m.[0m[0mcallbacks[0m[1;33m[0m[1;33m[0m[0m
[0;32m     57[0m [1;32mimport[0m [0mrpy2[0m[1;33m.[0m[0mrobjects[0m [1;32mas[0m [0mro[0m[1;33m[0m[1;33m[0m[0m

[1;32m~\Anaconda3\envs\wintest\lib\site-packages\rpy2\rinterface.py[0m in [0;36m<module>[1;34m[0m
[0;32m      4[0m [1;32mimport[0m [0mmath[0m[1;33m[0m[1;33m[0m[0m
[0;32m      5[0m [1;32mimport[0m [0mtyping[0m[1;33m[0m[1;33m[0m[0m
[1;32m----> 6[1;33m [1;32mfrom[0m [0mrpy2[0m[1;33m.[0m[0mrinterface_lib[0m [1;32mimport[0m [0mopenrlib[0m[1;33m[0m[1;33m[0m[0m
[0m[0;32m      7[0m [1;32mimport[0m [0mrpy2[0m[1;33m.[0m[0mrinterface_lib[0m[1;33m.[0m[0m_rinterface_capi[0m [1;32mas[0m [0m_rinterface[0m[1;33m[0m[1;33m[0m[0m
[0;32m      8[0m [1;32mimport[0m [0mrpy2[0m[1;33m.[0m[0mrinterface_lib[0m[1;33m.[0m[0membedded[0m [1;32mas[0m [0membedded[0m[1;33m[0m[1;33m[0m[0m

[1;32m~\Anaconda3\envs\wintest\lib\site-packages\rpy2\rinterface_lib\openrlib.py[0m in [0;36m<module>[1;34m[0m
[0;32m     21[0m [1;33m[0m[0m
[0;32m     22[0m [1;33m[0m[0m
[1;32m---> 23[1;33m [0mrlib[0m [1;33m=[0m [0m_dlopen_rlib[0m[1;33m([0m[0mR_HOME[0m[1;33m)[0m[1;33m[0m[1;33m[0m[0m
[0m[0;32m     24[0m [1;33m[0m[0m
[0;32m     25[0m [1;33m[0m[0m

[1;32m~\Anaconda3\envs\wintest\lib\site-packages\rpy2\rinterface_lib\openrlib.py[0m in [0;36m_dlopen_rlib[1;34m(r_home)[0m
[0;32m     14[0m     [1;34m"""Open R's shared C library."""[0m[1;33m[0m[1;33m[0m[0m
[0;32m     15[0m     [1;32mif[0m [0mr_home[0m [1;32mis[0m [1;32mNone[0m[1;33m:[0m[1;33m[0m[1;33m[0m[0m
[1;32m---> 16[1;33m         raise ValueError('r_home is None. '
[0m[0;32m     17[0m                          'Try python -m rpy2.situation')
[0;32m     18[0m     [0mlib_path[0m [1;33m=[0m [0mrpy2[0m[1;33m.[0m[0msituation[0m[1;33m.[0m[0mget_rlib_path[0m[1;33m([0m[0mr_home[0m[1;33m,[0m [0mplatform[0m[1;33m.[0m[0msystem[0m[1;33m([0m[1;33m)[0m[1;33m)[0m[1;33m[0m[1;33m[0m[0m

[1;31mValueError[0m: r_home is None. Try python -m rpy2.situation
ValueError: r_home is None. Try python -m rpy2.situation

