Traceback (most recent call last):
  File "C:\Users\pmd19\Anaconda3\envs\wintest\lib\site-packages\jupyter_cache\executors\utils.py", line 56, in single_nb_execution
    record_timing=False,
  File "C:\Users\pmd19\Anaconda3\envs\wintest\lib\site-packages\nbclient\client.py", line 1117, in execute
    return NotebookClient(nb=nb, resources=resources, km=km, **kwargs).execute()
  File "C:\Users\pmd19\Anaconda3\envs\wintest\lib\site-packages\nbclient\util.py", line 78, in wrapped
    return just_run(coro(*args, **kwargs))
  File "C:\Users\pmd19\Anaconda3\envs\wintest\lib\site-packages\nbclient\util.py", line 57, in just_run
    return loop.run_until_complete(coro)
  File "C:\Users\pmd19\Anaconda3\envs\wintest\lib\asyncio\base_events.py", line 583, in run_until_complete
    return future.result()
  File "C:\Users\pmd19\Anaconda3\envs\wintest\lib\site-packages\nbclient\client.py", line 559, in async_execute
    cell, index, execution_count=self.code_cells_executed + 1
  File "C:\Users\pmd19\Anaconda3\envs\wintest\lib\site-packages\nbclient\client.py", line 862, in async_execute_cell
    self._check_raise_for_error(cell, exec_reply)
  File "C:\Users\pmd19\Anaconda3\envs\wintest\lib\site-packages\nbclient\client.py", line 765, in _check_raise_for_error
    raise CellExecutionError.from_cell_and_msg(cell, exec_reply_content)
nbclient.exceptions.CellExecutionError: An error occurred while executing the following cell:
------------------
import graphviz
dot = graphviz.Digraph()

# Add nodes
dot.node('A', 'Content')
dot.node('B', 'drive')
dot.node('C', 'MyDrive')

# Add edges
dot.edges(['AB','BC'])

# Visualize the graph
dot
------------------

[1;31m---------------------------------------------------------------------------[0m
[1;31mModuleNotFoundError[0m                       Traceback (most recent call last)
[1;32m~\AppData\Local\Temp/ipykernel_8908/3358709118.py[0m in [0;36m<module>[1;34m[0m
[1;32m----> 1[1;33m [1;32mimport[0m [0mgraphviz[0m[1;33m[0m[1;33m[0m[0m
[0m[0;32m      2[0m [0mdot[0m [1;33m=[0m [0mgraphviz[0m[1;33m.[0m[0mDigraph[0m[1;33m([0m[1;33m)[0m[1;33m[0m[1;33m[0m[0m
[0;32m      3[0m [1;33m[0m[0m
[0;32m      4[0m [1;31m# Add nodes[0m[1;33m[0m[1;33m[0m[1;33m[0m[0m
[0;32m      5[0m [0mdot[0m[1;33m.[0m[0mnode[0m[1;33m([0m[1;34m'A'[0m[1;33m,[0m [1;34m'Content'[0m[1;33m)[0m[1;33m[0m[1;33m[0m[0m

[1;31mModuleNotFoundError[0m: No module named 'graphviz'
ModuleNotFoundError: No module named 'graphviz'

